<?xml version="1.0" encoding="UTF-8" standalone="no"?>
<testsuite errors="0" failures="0" name="io.cucumber.core.plugin.JUnitFormatter" skipped="0" tests="2" time="25.246">
    <testcase classname="to open a specific browser" name="_2" time="24.791">
        <system-out>
            <![CDATA[Given browser is open.......................................................passed
And user is on the browser..................................................passed
When enters the text in search bar..........................................passed
And clicks on enter.........................................................passed
Then user is navigated to the search page...................................passed
And navigae to about us.....................................................passed
]]>
        </system-out>
    </testcase>
    <testcase classname="feature to test login functionality" name="check login is successful on proper credentials" time="0.012">
        <system-out>
            <![CDATA[Given user is on login page.................................................passed
When user enters username and password......................................passed
And click on submit.........................................................passed
Then user is navigated to home page.........................................passed
]]>
        </system-out>
    </testcase>
</testsuite>
